[0m02:57:23.574453 [debug] [MainThread]: Sending event: {'category': 'dbt', 'action': 'invocation', 'label': 'start', 'context': [<snowplow_tracker.self_describing_json.SelfDescribingJson object at 0x00000190D09FD550>, <snowplow_tracker.self_describing_json.SelfDescribingJson object at 0x00000190D0633B10>, <snowplow_tracker.self_describing_json.SelfDescribingJson object at 0x00000190D3467B10>]}


============================== 02:57:23.578597 | f8bc4a85-ace1-405f-a32d-f71107b453e0 ==============================
[0m02:57:23.578597 [info ] [MainThread]: Running with dbt=1.8.7
[0m02:57:23.579113 [debug] [MainThread]: running dbt with arguments {'printer_width': '80', 'indirect_selection': 'eager', 'log_cache_events': 'False', 'write_json': 'True', 'partial_parse': 'True', 'cache_selected_only': 'False', 'warn_error': 'None', 'debug': 'False', 'version_check': 'True', 'log_path': 'C:\\Users\\jjayy\\Downloads\\crypto-pipeline\\dbt\\logs', 'fail_fast': 'False', 'profiles_dir': 'C:\\Users\\jjayy\\Downloads\\crypto-pipeline\\dbt', 'use_colors': 'True', 'use_experimental_parser': 'False', 'no_print': 'None', 'quiet': 'False', 'empty': 'None', 'log_format': 'default', 'introspect': 'True', 'warn_error_options': 'WarnErrorOptions(include=[], exclude=[])', 'invocation_command': 'dbt deps', 'target_path': 'None', 'static_parser': 'True', 'send_anonymous_usage_stats': 'True'}
[0m02:57:23.699400 [debug] [MainThread]: Sending event: {'category': 'dbt', 'action': 'project_id', 'label': 'f8bc4a85-ace1-405f-a32d-f71107b453e0', 'context': [<snowplow_tracker.self_describing_json.SelfDescribingJson object at 0x00000190D244C8A0>]}
[0m02:57:23.720451 [debug] [MainThread]: Set downloads directory='C:\Users\jjayy\AppData\Local\Temp\dbt-downloads-7y9frjk3'
[0m02:57:23.720882 [debug] [MainThread]: Making package index registry request: GET https://hub.getdbt.com/api/v1/index.json
[0m02:57:23.907097 [debug] [MainThread]: Response from registry index: GET https://hub.getdbt.com/api/v1/index.json 200
[0m02:57:23.907619 [debug] [MainThread]: Making package registry request: GET https://hub.getdbt.com/api/v1/dbt-labs/dbt_utils.json
[0m02:57:24.039402 [debug] [MainThread]: Response from registry: GET https://hub.getdbt.com/api/v1/dbt-labs/dbt_utils.json 200
[0m02:57:24.048234 [info ] [MainThread]: Updating lock file in file path: C:\Users\jjayy\Downloads\crypto-pipeline\dbt/package-lock.yml
[0m02:57:24.055593 [debug] [MainThread]: Set downloads directory='C:\Users\jjayy\AppData\Local\Temp\dbt-downloads-1g9dp0tr'
[0m02:57:24.057888 [info ] [MainThread]: Installing dbt-labs/dbt_utils
[0m02:57:24.702178 [info ] [MainThread]: Installed from version 1.2.0
[0m02:57:24.702589 [info ] [MainThread]: Updated version available: 1.3.3
[0m02:57:24.702921 [debug] [MainThread]: Sending event: {'category': 'dbt', 'action': 'package', 'label': 'f8bc4a85-ace1-405f-a32d-f71107b453e0', 'property_': 'install', 'context': [<snowplow_tracker.self_describing_json.SelfDescribingJson object at 0x00000190D355FDF0>, <snowplow_tracker.self_describing_json.SelfDescribingJson object at 0x00000190D48D8160>]}
[0m02:57:24.703202 [info ] [MainThread]: 
[0m02:57:24.703477 [info ] [MainThread]: Updates available for packages: ['dbt-labs/dbt_utils']                 
Update your versions in packages.yml, then run dbt deps
[0m02:57:24.704958 [debug] [MainThread]: Command `dbt deps` succeeded at 02:57:24.704859 after 1.27 seconds
[0m02:57:24.705227 [debug] [MainThread]: Sending event: {'category': 'dbt', 'action': 'invocation', 'label': 'end', 'context': [<snowplow_tracker.self_describing_json.SelfDescribingJson object at 0x00000190D350B850>, <snowplow_tracker.self_describing_json.SelfDescribingJson object at 0x00000190D34CF7A0>, <snowplow_tracker.self_describing_json.SelfDescribingJson object at 0x00000190D4860500>]}
[0m02:57:24.705512 [debug] [MainThread]: Flushing usage events
[0m02:57:25.872335 [debug] [MainThread]: Error sending anonymous usage statistics. Disabling tracking for this execution. If you wish to permanently disable tracking, see: https://docs.getdbt.com/reference/global-configs#send-anonymous-usage-stats.
